<?xml version="1.0" encoding="UTF-8"?>
<!-- Generated by org.testng.reporters.JUnitReportReporter -->
<testsuite skipped="1" hostname="DESKTOP-FN7FNI3" name="testNG.DriveCar" tests="6" failures="0" timestamp="02 Dec 2020 17:47:53 GMT" time="0.032" errors="0">
  <testcase name="startCar" time="0.016" classname="testNG.DriveCar"/>
  <testcase name="firstGear" time="0.016" classname="testNG.DriveCar"/>
  <testcase name="secondGear" time="0.000" classname="testNG.DriveCar"/>
  <testcase name="thirdGear" time="0.000" classname="testNG.DriveCar"/>
  <testcase name="turnonmusic" time="0.000" classname="testNG.DriveCar"/>
  <testcase name="fourthGear" classname="testNG.DriveCar">
    <skipped/>
  </testcase> <!-- fourthGear -->
</testsuite> <!-- testNG.DriveCar -->
