<?xml version="1.0" encoding="UTF-8"?>
<!-- Generated by org.testng.reporters.JUnitReportReporter -->
<testsuite skipped="0" hostname="DESKTOP-FN7FNI3" name="testNG.beforesuitemethod" tests="2" failures="0" timestamp="02 Dec 2020 15:32:09 GMT" time="13.992" errors="0">
  <testcase name="opengoogle" time="4.192" classname="testNG.beforesuitemethod"/>
  <testcase name="openyahoo" time="9.800" classname="testNG.beforesuitemethod"/>
</testsuite> <!-- testNG.beforesuitemethod -->
