<?xml version="1.0" encoding="UTF-8"?>
<!-- Generated by org.testng.reporters.JUnitReportReporter -->
<testsuite skipped="0" hostname="DESKTOP-FN7FNI3" name="testNG.Dependancymethods" tests="3" failures="0" timestamp="02 Dec 2020 15:32:09 GMT" time="0.011" errors="0">
  <testcase name="highschool" time="0.003" classname="testNG.Dependancymethods"/>
  <testcase name="highersecondary" time="0.002" classname="testNG.Dependancymethods"/>
  <testcase name="college" time="0.006" classname="testNG.Dependancymethods"/>
</testsuite> <!-- testNG.Dependancymethods -->
