<?xml version="1.0" encoding="UTF-8"?>
<!-- Generated by org.testng.reporters.JUnitReportReporter -->
<testsuite skipped="0" hostname="DESKTOP-FN7FNI3" name="testNG.parameterization" tests="1" failures="0" timestamp="02 Dec 2020 15:32:09 GMT" time="0.003" errors="0">
  <testcase name="parameterizationexample" time="0.003" classname="testNG.parameterization"/>
</testsuite> <!-- testNG.parameterization -->
