<?xml version="1.0" encoding="UTF-8"?>
<!-- Generated by org.testng.reporters.JUnitReportReporter -->
<testsuite skipped="0" hostname="DESKTOP-FN7FNI3" name="testNG.groupingmethod" tests="6" failures="0" timestamp="02 Dec 2020 15:32:09 GMT" time="0.044" errors="0">
  <testcase name="apple1" time="0.009" classname="testNG.groupingmethod"/>
  <testcase name="vivo2" time="0.004" classname="testNG.groupingmethod"/>
  <testcase name="moto2" time="0.004" classname="testNG.groupingmethod"/>
  <testcase name="vivo1" time="0.009" classname="testNG.groupingmethod"/>
  <testcase name="apple2" time="0.003" classname="testNG.groupingmethod"/>
  <testcase name="moto1" time="0.015" classname="testNG.groupingmethod"/>
</testsuite> <!-- testNG.groupingmethod -->
